<?xml version="1.0" encoding="UTF-8"?>
<testsuite xmlns:xsi="http://www.w3.org/2001/XMLSchema-instance" xsi:noNamespaceSchemaLocation="https://maven.apache.org/surefire/maven-surefire-plugin/xsd/surefire-test-report.xsd" name="com.example.kafka.app.SpringContextLiveTest" time="0.021" tests="1" errors="0" skipped="0" failures="0">
  <properties>
    <property name="sun.desktop" value="gnome"/>
    <property name="awt.toolkit" value="sun.awt.X11.XToolkit"/>
    <property name="file.encoding.pkg" value="sun.io"/>
    <property name="java.specification.version" value="1.8"/>
    <property name="sun.cpu.isalist" value=""/>
    <property name="sun.jnu.encoding" value="UTF-8"/>
    <property name="java.class.path" value="/home/damianossotirakis/Área de Trabalho/kafka_zookeeper/spring-kafka/target/test-classes:/home/damianossotirakis/Área de Trabalho/kafka_zookeeper/spring-kafka/target/classes:/home/damianossotirakis/.m2/repository/org/springframework/boot/spring-boot-starter/2.1.14.BUILD-SNAPSHOT/spring-boot-starter-2.1.14.BUILD-SNAPSHOT.jar:/home/damianossotirakis/.m2/repository/org/springframework/boot/spring-boot/2.1.14.BUILD-SNAPSHOT/spring-boot-2.1.14.BUILD-SNAPSHOT.jar:/home/damianossotirakis/.m2/repository/org/springframework/boot/spring-boot-autoconfigure/2.1.14.BUILD-SNAPSHOT/spring-boot-autoconfigure-2.1.14.BUILD-SNAPSHOT.jar:/home/damianossotirakis/.m2/repository/org/springframework/boot/spring-boot-starter-logging/2.1.14.BUILD-SNAPSHOT/spring-boot-starter-logging-2.1.14.BUILD-SNAPSHOT.jar:/home/damianossotirakis/.m2/repository/ch/qos/logback/logback-classic/1.2.3/logback-classic-1.2.3.jar:/home/damianossotirakis/.m2/repository/ch/qos/logback/logback-core/1.2.3/logback-core-1.2.3.jar:/home/damianossotirakis/.m2/repository/org/apache/logging/log4j/log4j-to-slf4j/2.11.2/log4j-to-slf4j-2.11.2.jar:/home/damianossotirakis/.m2/repository/org/apache/logging/log4j/log4j-api/2.11.2/log4j-api-2.11.2.jar:/home/damianossotirakis/.m2/repository/org/slf4j/jul-to-slf4j/1.7.30/jul-to-slf4j-1.7.30.jar:/home/damianossotirakis/.m2/repository/javax/annotation/javax.annotation-api/1.3.2/javax.annotation-api-1.3.2.jar:/home/damianossotirakis/.m2/repository/org/springframework/spring-core/5.1.15.BUILD-SNAPSHOT/spring-core-5.1.15.BUILD-SNAPSHOT.jar:/home/damianossotirakis/.m2/repository/org/springframework/spring-jcl/5.1.15.BUILD-SNAPSHOT/spring-jcl-5.1.15.BUILD-SNAPSHOT.jar:/home/damianossotirakis/.m2/repository/org/yaml/snakeyaml/1.23/snakeyaml-1.23.jar:/home/damianossotirakis/.m2/repository/org/springframework/kafka/spring-kafka/2.2.12.RELEASE/spring-kafka-2.2.12.RELEASE.jar:/home/damianossotirakis/.m2/repository/org/springframework/spring-context/5.1.15.BUILD-SNAPSHOT/spring-context-5.1.15.BUILD-SNAPSHOT.jar:/home/damianossotirakis/.m2/repository/org/springframework/spring-aop/5.1.15.BUILD-SNAPSHOT/spring-aop-5.1.15.BUILD-SNAPSHOT.jar:/home/damianossotirakis/.m2/repository/org/springframework/spring-beans/5.1.15.BUILD-SNAPSHOT/spring-beans-5.1.15.BUILD-SNAPSHOT.jar:/home/damianossotirakis/.m2/repository/org/springframework/spring-expression/5.1.15.BUILD-SNAPSHOT/spring-expression-5.1.15.BUILD-SNAPSHOT.jar:/home/damianossotirakis/.m2/repository/org/springframework/spring-messaging/5.1.15.BUILD-SNAPSHOT/spring-messaging-5.1.15.BUILD-SNAPSHOT.jar:/home/damianossotirakis/.m2/repository/org/springframework/spring-tx/5.1.15.BUILD-SNAPSHOT/spring-tx-5.1.15.BUILD-SNAPSHOT.jar:/home/damianossotirakis/.m2/repository/org/springframework/retry/spring-retry/1.2.5.RELEASE/spring-retry-1.2.5.RELEASE.jar:/home/damianossotirakis/.m2/repository/org/apache/kafka/kafka-clients/2.0.1/kafka-clients-2.0.1.jar:/home/damianossotirakis/.m2/repository/org/lz4/lz4-java/1.4.1/lz4-java-1.4.1.jar:/home/damianossotirakis/.m2/repository/org/xerial/snappy/snappy-java/1.1.7.1/snappy-java-1.1.7.1.jar:/home/damianossotirakis/.m2/repository/org/slf4j/slf4j-api/1.7.30/slf4j-api-1.7.30.jar:/home/damianossotirakis/.m2/repository/com/fasterxml/jackson/core/jackson-databind/2.9.10.3/jackson-databind-2.9.10.3.jar:/home/damianossotirakis/.m2/repository/com/fasterxml/jackson/core/jackson-annotations/2.9.10/jackson-annotations-2.9.10.jar:/home/damianossotirakis/.m2/repository/com/fasterxml/jackson/core/jackson-core/2.9.10/jackson-core-2.9.10.jar:/home/damianossotirakis/.m2/repository/org/springframework/boot/spring-boot-starter-test/2.1.14.BUILD-SNAPSHOT/spring-boot-starter-test-2.1.14.BUILD-SNAPSHOT.jar:/home/damianossotirakis/.m2/repository/org/springframework/boot/spring-boot-test/2.1.14.BUILD-SNAPSHOT/spring-boot-test-2.1.14.BUILD-SNAPSHOT.jar:/home/damianossotirakis/.m2/repository/org/springframework/boot/spring-boot-test-autoconfigure/2.1.14.BUILD-SNAPSHOT/spring-boot-test-autoconfigure-2.1.14.BUILD-SNAPSHOT.jar:/home/damianossotirakis/.m2/repository/com/jayway/jsonpath/json-path/2.4.0/json-path-2.4.0.jar:/home/damianossotirakis/.m2/repository/net/minidev/json-smart/2.3/json-smart-2.3.jar:/home/damianossotirakis/.m2/repository/net/minidev/accessors-smart/1.2/accessors-smart-1.2.jar:/home/damianossotirakis/.m2/repository/org/ow2/asm/asm/5.0.4/asm-5.0.4.jar:/home/damianossotirakis/.m2/repository/junit/junit/4.12/junit-4.12.jar:/home/damianossotirakis/.m2/repository/org/assertj/assertj-core/3.11.1/assertj-core-3.11.1.jar:/home/damianossotirakis/.m2/repository/org/mockito/mockito-core/2.23.4/mockito-core-2.23.4.jar:/home/damianossotirakis/.m2/repository/net/bytebuddy/byte-buddy/1.9.16/byte-buddy-1.9.16.jar:/home/damianossotirakis/.m2/repository/net/bytebuddy/byte-buddy-agent/1.9.16/byte-buddy-agent-1.9.16.jar:/home/damianossotirakis/.m2/repository/org/objenesis/objenesis/2.6/objenesis-2.6.jar:/home/damianossotirakis/.m2/repository/org/hamcrest/hamcrest-core/1.3/hamcrest-core-1.3.jar:/home/damianossotirakis/.m2/repository/org/hamcrest/hamcrest-library/1.3/hamcrest-library-1.3.jar:/home/damianossotirakis/.m2/repository/org/skyscreamer/jsonassert/1.5.0/jsonassert-1.5.0.jar:/home/damianossotirakis/.m2/repository/com/vaadin/external/google/android-json/0.0.20131108.vaadin1/android-json-0.0.20131108.vaadin1.jar:/home/damianossotirakis/.m2/repository/org/springframework/spring-test/5.1.15.BUILD-SNAPSHOT/spring-test-5.1.15.BUILD-SNAPSHOT.jar:/home/damianossotirakis/.m2/repository/org/xmlunit/xmlunit-core/2.6.3/xmlunit-core-2.6.3.jar:/home/damianossotirakis/.m2/repository/org/springframework/kafka/spring-kafka-test/2.2.12.RELEASE/spring-kafka-test-2.2.12.RELEASE.jar:/home/damianossotirakis/.m2/repository/org/apache/kafka/kafka-clients/2.0.1/kafka-clients-2.0.1-test.jar:/home/damianossotirakis/.m2/repository/org/apache/kafka/kafka_2.11/2.0.1/kafka_2.11-2.0.1.jar:/home/damianossotirakis/.m2/repository/net/sf/jopt-simple/jopt-simple/5.0.4/jopt-simple-5.0.4.jar:/home/damianossotirakis/.m2/repository/com/yammer/metrics/metrics-core/2.2.0/metrics-core-2.2.0.jar:/home/damianossotirakis/.m2/repository/org/scala-lang/scala-library/2.11.12/scala-library-2.11.12.jar:/home/damianossotirakis/.m2/repository/org/scala-lang/scala-reflect/2.11.12/scala-reflect-2.11.12.jar:/home/damianossotirakis/.m2/repository/com/typesafe/scala-logging/scala-logging_2.11/3.9.0/scala-logging_2.11-3.9.0.jar:/home/damianossotirakis/.m2/repository/com/101tec/zkclient/0.10/zkclient-0.10.jar:/home/damianossotirakis/.m2/repository/org/apache/zookeeper/zookeeper/3.4.13/zookeeper-3.4.13.jar:/home/damianossotirakis/.m2/repository/org/apache/yetus/audience-annotations/0.5.0/audience-annotations-0.5.0.jar:/home/damianossotirakis/.m2/repository/org/apache/kafka/kafka_2.11/2.0.1/kafka_2.11-2.0.1-test.jar:"/>
    <property name="java.vm.vendor" value="Private Build"/>
    <property name="sun.arch.data.model" value="64"/>
    <property name="java.vendor.url" value="http://java.oracle.com/"/>
    <property name="user.timezone" value=""/>
    <property name="java.vm.specification.version" value="1.8"/>
    <property name="os.name" value="Linux"/>
    <property name="user.country" value="BR"/>
    <property name="sun.java.launcher" value="SUN_STANDARD"/>
    <property name="sun.boot.library.path" value="/usr/lib/jvm/java-8-openjdk-amd64/jre/lib/amd64"/>
    <property name="sun.java.command" value="/home/damianossotirakis/Área de Trabalho/kafka_zookeeper/spring-kafka/target/surefire/surefirebooter2713572321686646264.jar /home/damianossotirakis/Área de Trabalho/kafka_zookeeper/spring-kafka/target/surefire 2020-04-22T21-32-23_782-jvmRun1 surefire1153235715855828479tmp surefire_07982626580119667988tmp"/>
    <property name="surefire.test.class.path" value="/home/damianossotirakis/Área de Trabalho/kafka_zookeeper/spring-kafka/target/test-classes:/home/damianossotirakis/Área de Trabalho/kafka_zookeeper/spring-kafka/target/classes:/home/damianossotirakis/.m2/repository/org/springframework/boot/spring-boot-starter/2.1.14.BUILD-SNAPSHOT/spring-boot-starter-2.1.14.BUILD-SNAPSHOT.jar:/home/damianossotirakis/.m2/repository/org/springframework/boot/spring-boot/2.1.14.BUILD-SNAPSHOT/spring-boot-2.1.14.BUILD-SNAPSHOT.jar:/home/damianossotirakis/.m2/repository/org/springframework/boot/spring-boot-autoconfigure/2.1.14.BUILD-SNAPSHOT/spring-boot-autoconfigure-2.1.14.BUILD-SNAPSHOT.jar:/home/damianossotirakis/.m2/repository/org/springframework/boot/spring-boot-starter-logging/2.1.14.BUILD-SNAPSHOT/spring-boot-starter-logging-2.1.14.BUILD-SNAPSHOT.jar:/home/damianossotirakis/.m2/repository/ch/qos/logback/logback-classic/1.2.3/logback-classic-1.2.3.jar:/home/damianossotirakis/.m2/repository/ch/qos/logback/logback-core/1.2.3/logback-core-1.2.3.jar:/home/damianossotirakis/.m2/repository/org/apache/logging/log4j/log4j-to-slf4j/2.11.2/log4j-to-slf4j-2.11.2.jar:/home/damianossotirakis/.m2/repository/org/apache/logging/log4j/log4j-api/2.11.2/log4j-api-2.11.2.jar:/home/damianossotirakis/.m2/repository/org/slf4j/jul-to-slf4j/1.7.30/jul-to-slf4j-1.7.30.jar:/home/damianossotirakis/.m2/repository/javax/annotation/javax.annotation-api/1.3.2/javax.annotation-api-1.3.2.jar:/home/damianossotirakis/.m2/repository/org/springframework/spring-core/5.1.15.BUILD-SNAPSHOT/spring-core-5.1.15.BUILD-SNAPSHOT.jar:/home/damianossotirakis/.m2/repository/org/springframework/spring-jcl/5.1.15.BUILD-SNAPSHOT/spring-jcl-5.1.15.BUILD-SNAPSHOT.jar:/home/damianossotirakis/.m2/repository/org/yaml/snakeyaml/1.23/snakeyaml-1.23.jar:/home/damianossotirakis/.m2/repository/org/springframework/kafka/spring-kafka/2.2.12.RELEASE/spring-kafka-2.2.12.RELEASE.jar:/home/damianossotirakis/.m2/repository/org/springframework/spring-context/5.1.15.BUILD-SNAPSHOT/spring-context-5.1.15.BUILD-SNAPSHOT.jar:/home/damianossotirakis/.m2/repository/org/springframework/spring-aop/5.1.15.BUILD-SNAPSHOT/spring-aop-5.1.15.BUILD-SNAPSHOT.jar:/home/damianossotirakis/.m2/repository/org/springframework/spring-beans/5.1.15.BUILD-SNAPSHOT/spring-beans-5.1.15.BUILD-SNAPSHOT.jar:/home/damianossotirakis/.m2/repository/org/springframework/spring-expression/5.1.15.BUILD-SNAPSHOT/spring-expression-5.1.15.BUILD-SNAPSHOT.jar:/home/damianossotirakis/.m2/repository/org/springframework/spring-messaging/5.1.15.BUILD-SNAPSHOT/spring-messaging-5.1.15.BUILD-SNAPSHOT.jar:/home/damianossotirakis/.m2/repository/org/springframework/spring-tx/5.1.15.BUILD-SNAPSHOT/spring-tx-5.1.15.BUILD-SNAPSHOT.jar:/home/damianossotirakis/.m2/repository/org/springframework/retry/spring-retry/1.2.5.RELEASE/spring-retry-1.2.5.RELEASE.jar:/home/damianossotirakis/.m2/repository/org/apache/kafka/kafka-clients/2.0.1/kafka-clients-2.0.1.jar:/home/damianossotirakis/.m2/repository/org/lz4/lz4-java/1.4.1/lz4-java-1.4.1.jar:/home/damianossotirakis/.m2/repository/org/xerial/snappy/snappy-java/1.1.7.1/snappy-java-1.1.7.1.jar:/home/damianossotirakis/.m2/repository/org/slf4j/slf4j-api/1.7.30/slf4j-api-1.7.30.jar:/home/damianossotirakis/.m2/repository/com/fasterxml/jackson/core/jackson-databind/2.9.10.3/jackson-databind-2.9.10.3.jar:/home/damianossotirakis/.m2/repository/com/fasterxml/jackson/core/jackson-annotations/2.9.10/jackson-annotations-2.9.10.jar:/home/damianossotirakis/.m2/repository/com/fasterxml/jackson/core/jackson-core/2.9.10/jackson-core-2.9.10.jar:/home/damianossotirakis/.m2/repository/org/springframework/boot/spring-boot-starter-test/2.1.14.BUILD-SNAPSHOT/spring-boot-starter-test-2.1.14.BUILD-SNAPSHOT.jar:/home/damianossotirakis/.m2/repository/org/springframework/boot/spring-boot-test/2.1.14.BUILD-SNAPSHOT/spring-boot-test-2.1.14.BUILD-SNAPSHOT.jar:/home/damianossotirakis/.m2/repository/org/springframework/boot/spring-boot-test-autoconfigure/2.1.14.BUILD-SNAPSHOT/spring-boot-test-autoconfigure-2.1.14.BUILD-SNAPSHOT.jar:/home/damianossotirakis/.m2/repository/com/jayway/jsonpath/json-path/2.4.0/json-path-2.4.0.jar:/home/damianossotirakis/.m2/repository/net/minidev/json-smart/2.3/json-smart-2.3.jar:/home/damianossotirakis/.m2/repository/net/minidev/accessors-smart/1.2/accessors-smart-1.2.jar:/home/damianossotirakis/.m2/repository/org/ow2/asm/asm/5.0.4/asm-5.0.4.jar:/home/damianossotirakis/.m2/repository/junit/junit/4.12/junit-4.12.jar:/home/damianossotirakis/.m2/repository/org/assertj/assertj-core/3.11.1/assertj-core-3.11.1.jar:/home/damianossotirakis/.m2/repository/org/mockito/mockito-core/2.23.4/mockito-core-2.23.4.jar:/home/damianossotirakis/.m2/repository/net/bytebuddy/byte-buddy/1.9.16/byte-buddy-1.9.16.jar:/home/damianossotirakis/.m2/repository/net/bytebuddy/byte-buddy-agent/1.9.16/byte-buddy-agent-1.9.16.jar:/home/damianossotirakis/.m2/repository/org/objenesis/objenesis/2.6/objenesis-2.6.jar:/home/damianossotirakis/.m2/repository/org/hamcrest/hamcrest-core/1.3/hamcrest-core-1.3.jar:/home/damianossotirakis/.m2/repository/org/hamcrest/hamcrest-library/1.3/hamcrest-library-1.3.jar:/home/damianossotirakis/.m2/repository/org/skyscreamer/jsonassert/1.5.0/jsonassert-1.5.0.jar:/home/damianossotirakis/.m2/repository/com/vaadin/external/google/android-json/0.0.20131108.vaadin1/android-json-0.0.20131108.vaadin1.jar:/home/damianossotirakis/.m2/repository/org/springframework/spring-test/5.1.15.BUILD-SNAPSHOT/spring-test-5.1.15.BUILD-SNAPSHOT.jar:/home/damianossotirakis/.m2/repository/org/xmlunit/xmlunit-core/2.6.3/xmlunit-core-2.6.3.jar:/home/damianossotirakis/.m2/repository/org/springframework/kafka/spring-kafka-test/2.2.12.RELEASE/spring-kafka-test-2.2.12.RELEASE.jar:/home/damianossotirakis/.m2/repository/org/apache/kafka/kafka-clients/2.0.1/kafka-clients-2.0.1-test.jar:/home/damianossotirakis/.m2/repository/org/apache/kafka/kafka_2.11/2.0.1/kafka_2.11-2.0.1.jar:/home/damianossotirakis/.m2/repository/net/sf/jopt-simple/jopt-simple/5.0.4/jopt-simple-5.0.4.jar:/home/damianossotirakis/.m2/repository/com/yammer/metrics/metrics-core/2.2.0/metrics-core-2.2.0.jar:/home/damianossotirakis/.m2/repository/org/scala-lang/scala-library/2.11.12/scala-library-2.11.12.jar:/home/damianossotirakis/.m2/repository/org/scala-lang/scala-reflect/2.11.12/scala-reflect-2.11.12.jar:/home/damianossotirakis/.m2/repository/com/typesafe/scala-logging/scala-logging_2.11/3.9.0/scala-logging_2.11-3.9.0.jar:/home/damianossotirakis/.m2/repository/com/101tec/zkclient/0.10/zkclient-0.10.jar:/home/damianossotirakis/.m2/repository/org/apache/zookeeper/zookeeper/3.4.13/zookeeper-3.4.13.jar:/home/damianossotirakis/.m2/repository/org/apache/yetus/audience-annotations/0.5.0/audience-annotations-0.5.0.jar:/home/damianossotirakis/.m2/repository/org/apache/kafka/kafka_2.11/2.0.1/kafka_2.11-2.0.1-test.jar:"/>
    <property name="sun.cpu.endian" value="little"/>
    <property name="user.home" value="/home/damianossotirakis"/>
    <property name="user.language" value="pt"/>
    <property name="java.specification.vendor" value="Oracle Corporation"/>
    <property name="java.home" value="/usr/lib/jvm/java-8-openjdk-amd64/jre"/>
    <property name="basedir" value="/home/damianossotirakis/Área de Trabalho/kafka_zookeeper/spring-kafka"/>
    <property name="file.separator" value="/"/>
    <property name="line.separator" value="&#10;"/>
    <property name="java.vm.specification.vendor" value="Oracle Corporation"/>
    <property name="java.specification.name" value="Java Platform API Specification"/>
    <property name="java.awt.graphicsenv" value="sun.awt.X11GraphicsEnvironment"/>
    <property name="surefire.real.class.path" value="/home/damianossotirakis/Área de Trabalho/kafka_zookeeper/spring-kafka/target/surefire/surefirebooter2713572321686646264.jar"/>
    <property name="sun.boot.class.path" value="/usr/lib/jvm/java-8-openjdk-amd64/jre/lib/resources.jar:/usr/lib/jvm/java-8-openjdk-amd64/jre/lib/rt.jar:/usr/lib/jvm/java-8-openjdk-amd64/jre/lib/sunrsasign.jar:/usr/lib/jvm/java-8-openjdk-amd64/jre/lib/jsse.jar:/usr/lib/jvm/java-8-openjdk-amd64/jre/lib/jce.jar:/usr/lib/jvm/java-8-openjdk-amd64/jre/lib/charsets.jar:/usr/lib/jvm/java-8-openjdk-amd64/jre/lib/jfr.jar:/usr/lib/jvm/java-8-openjdk-amd64/jre/classes"/>
    <property name="sun.management.compiler" value="HotSpot 64-Bit Tiered Compilers"/>
    <property name="java.runtime.version" value="1.8.0_242-8u242-b08-0ubuntu3~18.04-b08"/>
    <property name="user.name" value="damianossotirakis"/>
    <property name="path.separator" value=":"/>
    <property name="os.version" value="5.3.0-46-generic"/>
    <property name="java.endorsed.dirs" value="/usr/lib/jvm/java-8-openjdk-amd64/jre/lib/endorsed"/>
    <property name="java.runtime.name" value="OpenJDK Runtime Environment"/>
    <property name="file.encoding" value="UTF-8"/>
    <property name="java.vm.name" value="OpenJDK 64-Bit Server VM"/>
    <property name="localRepository" value="/home/damianossotirakis/.m2/repository"/>
    <property name="java.vendor.url.bug" value="http://bugreport.sun.com/bugreport/"/>
    <property name="java.io.tmpdir" value="/tmp"/>
    <property name="java.version" value="1.8.0_242"/>
    <property name="user.dir" value="/home/damianossotirakis/Área de Trabalho/kafka_zookeeper/spring-kafka"/>
    <property name="os.arch" value="amd64"/>
    <property name="java.vm.specification.name" value="Java Virtual Machine Specification"/>
    <property name="java.awt.printerjob" value="sun.print.PSPrinterJob"/>
    <property name="sun.os.patch.level" value="unknown"/>
    <property name="java.library.path" value="/usr/java/packages/lib/amd64:/usr/lib/x86_64-linux-gnu/jni:/lib/x86_64-linux-gnu:/usr/lib/x86_64-linux-gnu:/usr/lib/jni:/lib:/usr/lib"/>
    <property name="java.vm.info" value="mixed mode"/>
    <property name="java.vendor" value="Private Build"/>
    <property name="java.vm.version" value="25.242-b08"/>
    <property name="java.ext.dirs" value="/usr/lib/jvm/java-8-openjdk-amd64/jre/lib/ext:/usr/java/packages/lib/ext"/>
    <property name="sun.io.unicode.encoding" value="UnicodeLittle"/>
    <property name="java.class.version" value="52.0"/>
  </properties>
  <testcase name="whenSpringContextIsBootstrapped_thenNoExceptions" classname="com.example.kafka.app.SpringContextLiveTest" time="0"/>
</testsuite>